<?xml version="1.0" encoding="UTF-8"?>
<testsuite name="TestSuite" time="0.342" tests="60" errors="0" skipped="0" failures="0">
  <properties>
    <property name="java.runtime.name" value="Java(TM) SE Runtime Environment"/>
    <property name="sun.boot.library.path" value="/usr/lib/jvm/java-8-oracle/jre/lib/amd64"/>
    <property name="java.vm.version" value="25.131-b11"/>
    <property name="java.vm.vendor" value="Oracle Corporation"/>
    <property name="maven.multiModuleProjectDirectory" value="/home/orzech/IdeaProjects/NutritionApp"/>
    <property name="java.vendor.url" value="http://java.oracle.com/"/>
    <property name="path.separator" value=":"/>
    <property name="guice.disable.misplaced.annotation.check" value="true"/>
    <property name="java.vm.name" value="Java HotSpot(TM) 64-Bit Server VM"/>
    <property name="file.encoding.pkg" value="sun.io"/>
    <property name="user.country" value="PL"/>
    <property name="sun.java.launcher" value="SUN_STANDARD"/>
    <property name="sun.os.patch.level" value="unknown"/>
    <property name="java.vm.specification.name" value="Java Virtual Machine Specification"/>
    <property name="user.dir" value="/home/orzech/IdeaProjects/NutritionApp"/>
    <property name="java.runtime.version" value="1.8.0_131-b11"/>
    <property name="java.awt.graphicsenv" value="sun.awt.X11GraphicsEnvironment"/>
    <property name="java.endorsed.dirs" value="/usr/lib/jvm/java-8-oracle/jre/lib/endorsed"/>
    <property name="os.arch" value="amd64"/>
    <property name="java.io.tmpdir" value="/tmp"/>
    <property name="line.separator" value="&#10;"/>
    <property name="java.vm.specification.vendor" value="Oracle Corporation"/>
    <property name="os.name" value="Linux"/>
    <property name="classworlds.conf" value="/usr/share/maven/bin/m2.conf"/>
    <property name="sun.jnu.encoding" value="UTF-8"/>
    <property name="java.library.path" value="/usr/java/packages/lib/amd64:/usr/lib64:/lib64:/lib:/usr/lib"/>
    <property name="java.specification.name" value="Java Platform API Specification"/>
    <property name="java.class.version" value="52.0"/>
    <property name="sun.management.compiler" value="HotSpot 64-Bit Tiered Compilers"/>
    <property name="os.version" value="4.10.0-35-generic"/>
    <property name="user.home" value="/home/orzech"/>
    <property name="user.timezone" value="Europe/Warsaw"/>
    <property name="java.awt.printerjob" value="sun.print.PSPrinterJob"/>
    <property name="file.encoding" value="UTF-8"/>
    <property name="java.specification.version" value="1.8"/>
    <property name="user.name" value="orzech"/>
    <property name="java.class.path" value="/usr/share/maven/boot/plexus-classworlds-2.x.jar"/>
    <property name="java.vm.specification.version" value="1.8"/>
    <property name="sun.arch.data.model" value="64"/>
    <property name="java.home" value="/usr/lib/jvm/java-8-oracle/jre"/>
    <property name="sun.java.command" value="org.codehaus.plexus.classworlds.launcher.Launcher clean install"/>
    <property name="java.specification.vendor" value="Oracle Corporation"/>
    <property name="user.language" value="pl"/>
    <property name="awt.toolkit" value="sun.awt.X11.XToolkit"/>
    <property name="java.vm.info" value="mixed mode"/>
    <property name="java.version" value="1.8.0_131"/>
    <property name="java.ext.dirs" value="/usr/lib/jvm/java-8-oracle/jre/lib/ext:/usr/java/packages/lib/ext"/>
    <property name="securerandom.source" value="file:/dev/./urandom"/>
    <property name="sun.boot.class.path" value="/usr/lib/jvm/java-8-oracle/jre/lib/resources.jar:/usr/lib/jvm/java-8-oracle/jre/lib/rt.jar:/usr/lib/jvm/java-8-oracle/jre/lib/sunrsasign.jar:/usr/lib/jvm/java-8-oracle/jre/lib/jsse.jar:/usr/lib/jvm/java-8-oracle/jre/lib/jce.jar:/usr/lib/jvm/java-8-oracle/jre/lib/charsets.jar:/usr/lib/jvm/java-8-oracle/jre/lib/jfr.jar:/usr/lib/jvm/java-8-oracle/jre/classes"/>
    <property name="java.vendor" value="Oracle Corporation"/>
    <property name="maven.home" value="/usr/share/maven"/>
    <property name="file.separator" value="/"/>
    <property name="java.vendor.url.bug" value="http://bugreport.sun.com/bugreport/"/>
    <property name="sun.cpu.endian" value="little"/>
    <property name="sun.io.unicode.encoding" value="UnicodeLittle"/>
    <property name="sun.desktop" value="gnome"/>
    <property name="sun.cpu.isalist" value=""/>
  </properties>
  <testcase name="createMealNutrition" classname="ozog.dao.MealNutritionDaoTest" time="0.072"/>
  <testcase name="deleteMealNutrition" classname="ozog.dao.MealNutritionDaoTest" time="0.035"/>
  <testcase name="getMealNutritionById" classname="ozog.dao.MealNutritionDaoTest" time="0.102"/>
  <testcase name="getMealNutritions" classname="ozog.dao.MealNutritionDaoTest" time="0.002"/>
  <testcase name="deleteUser" classname="ozog.controller.UserControllerTest" time="0.006"/>
  <testcase name="listUsers" classname="ozog.controller.UserControllerTest" time="0.033"/>
  <testcase name="newUser" classname="ozog.controller.UserControllerTest" time="0.001"/>
  <testcase name="saveUserError" classname="ozog.controller.UserControllerTest" time="0.002"/>
  <testcase name="saveUserOk" classname="ozog.controller.UserControllerTest" time="0"/>
  <testcase name="updateUser" classname="ozog.controller.UserControllerTest" time="0.001"/>
  <testcase name="updateUserError" classname="ozog.controller.UserControllerTest" time="0"/>
  <testcase name="updateUserOk" classname="ozog.controller.UserControllerTest" time="0"/>
  <testcase name="createMeal" classname="ozog.controller.MealControllerTest" time="0.001"/>
  <testcase name="createMealError" classname="ozog.controller.MealControllerTest" time="0.001"/>
  <testcase name="createMealOk" classname="ozog.controller.MealControllerTest" time="0"/>
  <testcase name="deleteMeal" classname="ozog.controller.MealControllerTest" time="0"/>
  <testcase name="getMealForUser" classname="ozog.controller.MealControllerTest" time="0"/>
  <testcase name="updateMeal" classname="ozog.controller.MealControllerTest" time="0.002"/>
  <testcase name="updateMealError" classname="ozog.controller.MealControllerTest" time="0"/>
  <testcase name="updateMealOk" classname="ozog.controller.MealControllerTest" time="0.001"/>
  <testcase name="createUser" classname="ozog.dao.UserDaoTest" time="0.011"/>
  <testcase name="deleteUser" classname="ozog.dao.UserDaoTest" time="0.006"/>
  <testcase name="getAllUsers" classname="ozog.dao.UserDaoTest" time="0.004"/>
  <testcase name="getUserById" classname="ozog.dao.UserDaoTest" time="0.001"/>
  <testcase name="updateUser" classname="ozog.dao.UserDaoTest" time="0.005"/>
  <testcase name="createNutrition" classname="ozog.controller.NutritionControllerTest" time="0.001"/>
  <testcase name="createNutritionError" classname="ozog.controller.NutritionControllerTest" time="0.001"/>
  <testcase name="createNutritionOk" classname="ozog.controller.NutritionControllerTest" time="0"/>
  <testcase name="deleteNutrition" classname="ozog.controller.NutritionControllerTest" time="0.001"/>
  <testcase name="getAllNutritions" classname="ozog.controller.NutritionControllerTest" time="0"/>
  <testcase name="updateNutrition" classname="ozog.controller.NutritionControllerTest" time="0.001"/>
  <testcase name="updateNutritionError" classname="ozog.controller.NutritionControllerTest" time="0.001"/>
  <testcase name="updateNutritionOk" classname="ozog.controller.NutritionControllerTest" time="0.003"/>
  <testcase name="createNutrition" classname="ozog.dao.NutritionDaoTest" time="0.009"/>
  <testcase name="deleteNutrition" classname="ozog.dao.NutritionDaoTest" time="0.006"/>
  <testcase name="getAllNutritions" classname="ozog.dao.NutritionDaoTest" time="0.002"/>
  <testcase name="getNutritionById" classname="ozog.dao.NutritionDaoTest" time="0.003"/>
  <testcase name="updateNutrition" classname="ozog.dao.NutritionDaoTest" time="0.001"/>
  <testcase name="createMeal" classname="ozog.service.MealServiceTest" time="0.001"/>
  <testcase name="deleteMeal" classname="ozog.service.MealServiceTest" time="0.002"/>
  <testcase name="getAllMeals" classname="ozog.service.MealServiceTest" time="0"/>
  <testcase name="getMealById" classname="ozog.service.MealServiceTest" time="0.001"/>
  <testcase name="getMealsForUser" classname="ozog.service.MealServiceTest" time="0"/>
  <testcase name="updateMeal" classname="ozog.service.MealServiceTest" time="0"/>
  <testcase name="calculateCalories" classname="ozog.service.NutritionServiceTest" time="0"/>
  <testcase name="createNutrition" classname="ozog.service.NutritionServiceTest" time="0"/>
  <testcase name="deleteNutrition" classname="ozog.service.NutritionServiceTest" time="0"/>
  <testcase name="getAllNutritions" classname="ozog.service.NutritionServiceTest" time="0"/>
  <testcase name="getNutritionById" classname="ozog.service.NutritionServiceTest" time="0"/>
  <testcase name="updateNutrition" classname="ozog.service.NutritionServiceTest" time="0"/>
  <testcase name="createUser" classname="ozog.service.UserServiceTest" time="0.001"/>
  <testcase name="deleteUser" classname="ozog.service.UserServiceTest" time="0"/>
  <testcase name="getAllUsers" classname="ozog.service.UserServiceTest" time="0.001"/>
  <testcase name="getUserById" classname="ozog.service.UserServiceTest" time="0"/>
  <testcase name="updateUser" classname="ozog.service.UserServiceTest" time="0"/>
  <testcase name="calculateValues" classname="ozog.service.MealNutritionServiceTest" time="0"/>
  <testcase name="createMealNutrition" classname="ozog.service.MealNutritionServiceTest" time="0"/>
  <testcase name="deleteMealNutrition" classname="ozog.service.MealNutritionServiceTest" time="0"/>
  <testcase name="getMealNutritions" classname="ozog.service.MealNutritionServiceTest" time="0.021"/>
  <testcase name="updateMealNutritions" classname="ozog.service.MealNutritionServiceTest" time="0"/>
</testsuite>