<?xml version="1.0" encoding="UTF-8"?>
<!-- Generated by org.testng.reporters.JUnitReportReporter -->
<testsuite hostname="orzech-desktop" name="ozog.controller.NutritionControllerTest" tests="8" failures="0" timestamp="6 Oct 2017 14:57:43 GMT" time="0.008" errors="0">
  <testcase name="deleteNutrition" time="0.000" classname="ozog.controller.NutritionControllerTest"/>
  <testcase name="updateNutrition" time="0.001" classname="ozog.controller.NutritionControllerTest"/>
  <testcase name="createNutritionError" time="0.001" classname="ozog.controller.NutritionControllerTest"/>
  <testcase name="updateNutritionError" time="0.001" classname="ozog.controller.NutritionControllerTest"/>
  <testcase name="createNutrition" time="0.001" classname="ozog.controller.NutritionControllerTest"/>
  <testcase name="createNutritionOk" time="0.001" classname="ozog.controller.NutritionControllerTest"/>
  <testcase name="getAllNutritions" time="0.000" classname="ozog.controller.NutritionControllerTest"/>
  <testcase name="updateNutritionOk" time="0.003" classname="ozog.controller.NutritionControllerTest"/>
</testsuite> <!-- ozog.controller.NutritionControllerTest -->
