<?xml version="1.0" encoding="UTF-8"?>
<!-- Generated by org.testng.reporters.JUnitReportReporter -->
<testsuite hostname="orzech-desktop" name="ozog.controller.MealControllerTest" tests="8" failures="0" timestamp="6 Oct 2017 14:57:43 GMT" time="0.003" errors="0">
  <testcase name="getMealForUser" time="0.000" classname="ozog.controller.MealControllerTest"/>
  <testcase name="deleteMeal" time="0.000" classname="ozog.controller.MealControllerTest"/>
  <testcase name="createMeal" time="0.000" classname="ozog.controller.MealControllerTest"/>
  <testcase name="updateMeal" time="0.002" classname="ozog.controller.MealControllerTest"/>
  <testcase name="updateMealError" time="0.000" classname="ozog.controller.MealControllerTest"/>
  <testcase name="createMealOk" time="0.000" classname="ozog.controller.MealControllerTest"/>
  <testcase name="createMealError" time="0.000" classname="ozog.controller.MealControllerTest"/>
  <testcase name="updateMealOk" time="0.001" classname="ozog.controller.MealControllerTest"/>
</testsuite> <!-- ozog.controller.MealControllerTest -->
