<?xml version="1.0" encoding="UTF-8"?>
<!-- Generated by org.testng.reporters.JUnitReportReporter -->
<testsuite hostname="orzech-desktop" name="ozog.controller.UserControllerTest" tests="8" failures="0" timestamp="6 Oct 2017 14:57:43 GMT" time="0.042" errors="0">
  <testcase name="saveUserError" time="0.001" classname="ozog.controller.UserControllerTest"/>
  <testcase name="updateUserError" time="0.000" classname="ozog.controller.UserControllerTest"/>
  <testcase name="updateUserOk" time="0.000" classname="ozog.controller.UserControllerTest"/>
  <testcase name="saveUserOk" time="0.000" classname="ozog.controller.UserControllerTest"/>
  <testcase name="newUser" time="0.002" classname="ozog.controller.UserControllerTest"/>
  <testcase name="listUsers" time="0.032" classname="ozog.controller.UserControllerTest"/>
  <testcase name="deleteUser" time="0.006" classname="ozog.controller.UserControllerTest"/>
  <testcase name="updateUser" time="0.001" classname="ozog.controller.UserControllerTest"/>
</testsuite> <!-- ozog.controller.UserControllerTest -->
