<?xml version="1.0" encoding="UTF-8"?>
<!-- Generated by org.testng.reporters.JUnitReportReporter -->
<testsuite hostname="orzech-desktop" name="ozog.dao.UserDaoTest" tests="5" failures="0" timestamp="6 Oct 2017 14:57:43 GMT" time="0.113" errors="0">
  <testcase name="deleteUser" time="0.022" classname="ozog.dao.UserDaoTest"/>
  <testcase name="createUser" time="0.037" classname="ozog.dao.UserDaoTest"/>
  <testcase name="getAllUsers" time="0.023" classname="ozog.dao.UserDaoTest"/>
  <testcase name="getUserById" time="0.015" classname="ozog.dao.UserDaoTest"/>
  <testcase name="updateUser" time="0.016" classname="ozog.dao.UserDaoTest"/>
</testsuite> <!-- ozog.dao.UserDaoTest -->
