<?xml version="1.0" encoding="UTF-8"?>
<!-- Generated by org.testng.reporters.JUnitReportReporter -->
<testsuite hostname="orzech-desktop" name="ozog.dao.MealNutritionDaoTest" tests="4" failures="0" timestamp="6 Oct 2017 14:57:43 GMT" time="0.386" errors="0">
  <testcase name="deleteMealNutrition" time="0.046" classname="ozog.dao.MealNutritionDaoTest"/>
  <testcase name="createMealNutrition" time="0.080" classname="ozog.dao.MealNutritionDaoTest"/>
  <testcase name="getMealNutritionById" time="0.120" classname="ozog.dao.MealNutritionDaoTest"/>
  <testcase name="getMealNutritions" time="0.140" classname="ozog.dao.MealNutritionDaoTest"/>
</testsuite> <!-- ozog.dao.MealNutritionDaoTest -->
