<?xml version="1.0" encoding="UTF-8"?>
<!-- Generated by org.testng.reporters.JUnitReportReporter -->
<testsuite hostname="orzech-desktop" name="ozog.service.NutritionServiceTest" tests="6" failures="0" timestamp="6 Oct 2017 14:57:43 GMT" time="0.000" errors="0">
  <testcase name="updateNutrition" time="0.000" classname="ozog.service.NutritionServiceTest"/>
  <testcase name="calculateCalories" time="0.000" classname="ozog.service.NutritionServiceTest"/>
  <testcase name="createNutrition" time="0.000" classname="ozog.service.NutritionServiceTest"/>
  <testcase name="deleteNutrition" time="0.000" classname="ozog.service.NutritionServiceTest"/>
  <testcase name="getAllNutritions" time="0.000" classname="ozog.service.NutritionServiceTest"/>
  <testcase name="getNutritionById" time="0.000" classname="ozog.service.NutritionServiceTest"/>
</testsuite> <!-- ozog.service.NutritionServiceTest -->
