<?xml version="1.0" encoding="UTF-8"?>
<!-- Generated by org.testng.reporters.JUnitReportReporter -->
<testsuite hostname="orzech-desktop" name="ozog.service.MealServiceTest" tests="6" failures="0" timestamp="6 Oct 2017 14:57:43 GMT" time="0.002" errors="0">
  <testcase name="createMeal" time="0.001" classname="ozog.service.MealServiceTest"/>
  <testcase name="getMealById" time="0.000" classname="ozog.service.MealServiceTest"/>
  <testcase name="deleteMeal" time="0.000" classname="ozog.service.MealServiceTest"/>
  <testcase name="updateMeal" time="0.000" classname="ozog.service.MealServiceTest"/>
  <testcase name="getMealsForUser" time="0.000" classname="ozog.service.MealServiceTest"/>
  <testcase name="getAllMeals" time="0.001" classname="ozog.service.MealServiceTest"/>
</testsuite> <!-- ozog.service.MealServiceTest -->
