<?xml version="1.0" encoding="UTF-8"?>
<!-- Generated by org.testng.reporters.JUnitReportReporter -->
<testsuite hostname="orzech-desktop" name="ozog.service.UserServiceTest" tests="5" failures="0" timestamp="6 Oct 2017 14:57:43 GMT" time="0.001" errors="0">
  <testcase name="deleteUser" time="0.000" classname="ozog.service.UserServiceTest"/>
  <testcase name="createUser" time="0.000" classname="ozog.service.UserServiceTest"/>
  <testcase name="updateUser" time="0.000" classname="ozog.service.UserServiceTest"/>
  <testcase name="getUserById" time="0.000" classname="ozog.service.UserServiceTest"/>
  <testcase name="getAllUsers" time="0.001" classname="ozog.service.UserServiceTest"/>
</testsuite> <!-- ozog.service.UserServiceTest -->
