<?xml version="1.0" encoding="UTF-8"?>
<!-- Generated by org.testng.reporters.JUnitReportReporter -->
<testsuite hostname="orzech-desktop" name="ozog.dao.NutritionDaoTest" tests="5" failures="0" timestamp="6 Oct 2017 14:57:43 GMT" time="0.115" errors="0">
  <testcase name="deleteNutrition" time="0.020" classname="ozog.dao.NutritionDaoTest"/>
  <testcase name="updateNutrition" time="0.015" classname="ozog.dao.NutritionDaoTest"/>
  <testcase name="getAllNutritions" time="0.026" classname="ozog.dao.NutritionDaoTest"/>
  <testcase name="getNutritionById" time="0.036" classname="ozog.dao.NutritionDaoTest"/>
  <testcase name="createNutrition" time="0.018" classname="ozog.dao.NutritionDaoTest"/>
</testsuite> <!-- ozog.dao.NutritionDaoTest -->
