<?xml version="1.0" encoding="UTF-8"?>
<!-- Generated by org.testng.reporters.JUnitReportReporter -->
<testsuite hostname="orzech-desktop" name="ozog.service.MealNutritionServiceTest" tests="5" failures="0" timestamp="6 Oct 2017 14:57:43 GMT" time="0.021" errors="0">
  <testcase name="updateMealNutritions" time="0.000" classname="ozog.service.MealNutritionServiceTest"/>
  <testcase name="deleteMealNutrition" time="0.000" classname="ozog.service.MealNutritionServiceTest"/>
  <testcase name="getMealNutritions" time="0.021" classname="ozog.service.MealNutritionServiceTest"/>
  <testcase name="createMealNutrition" time="0.000" classname="ozog.service.MealNutritionServiceTest"/>
  <testcase name="calculateValues" time="0.000" classname="ozog.service.MealNutritionServiceTest"/>
</testsuite> <!-- ozog.service.MealNutritionServiceTest -->
